  main.cpp
c:\users\spock_the_wizard\desktop\dnn-master\dnn-master\dnn\spath_spolygon\project1\romeo-juliet\project1\polygon_operation.h(84): warning C4267: '초기화 중': 'size_t'에서 'int'(으)로 변환하면서 데이터가 손실될 수 있습니다.
c:\users\spock_the_wizard\desktop\dnn-master\dnn-master\dnn\spath_spolygon\project1\romeo-juliet\project1\polygon_decomposition.h(247): warning C4267: '초기화 중': 'size_t'에서 'int'(으)로 변환하면서 데이터가 손실될 수 있습니다.
c:\users\spock_the_wizard\desktop\dnn-master\dnn-master\dnn\spath_spolygon\project1\romeo-juliet\project1\polygon_decomposition.h(267): warning C4267: '초기화 중': 'size_t'에서 'int'(으)로 변환하면서 데이터가 손실될 수 있습니다.
c:\users\spock_the_wizard\desktop\dnn-master\dnn-master\dnn\spath_spolygon\project1\romeo-juliet\project1\polygon_decomposition.h(326): warning C4267: '=': 'size_t'에서 'int'(으)로 변환하면서 데이터가 손실될 수 있습니다.
c:\users\spock_the_wizard\desktop\dnn-master\dnn-master\dnn\spath_spolygon\project1\romeo-juliet\project1\chain.h(134): warning C4267: '=': 'size_t'에서 'int'(으)로 변환하면서 데이터가 손실될 수 있습니다.
c:\users\spock_the_wizard\desktop\dnn-master\dnn-master\dnn\spath_spolygon\project1\romeo-juliet\project1\chain.h(326): warning C4267: 'return': 'size_t'에서 'int'(으)로 변환하면서 데이터가 손실될 수 있습니다.
c:\users\spock_the_wizard\desktop\dnn-master\dnn-master\dnn\spath_spolygon\project1\romeo-juliet\project1\tangent.h(172): warning C4267: '초기화 중': 'size_t'에서 'int'(으)로 변환하면서 데이터가 손실될 수 있습니다.
c:\users\spock_the_wizard\desktop\dnn-master\dnn-master\dnn\spath_spolygon\project1\romeo-juliet\project1\tangent.h(173): warning C4267: '초기화 중': 'size_t'에서 'int'(으)로 변환하면서 데이터가 손실될 수 있습니다.
c:\users\spock_the_wizard\desktop\dnn-master\dnn-master\dnn\spath_spolygon\project1\romeo-juliet\project1\tangent.h(274): warning C4267: '=': 'size_t'에서 'int'(으)로 변환하면서 데이터가 손실될 수 있습니다.
c:\users\spock_the_wizard\desktop\dnn-master\dnn-master\dnn\spath_spolygon\project1\romeo-juliet\project1\tangent.h(295): warning C4267: '=': 'size_t'에서 'int'(으)로 변환하면서 데이터가 손실될 수 있습니다.
c:\users\spock_the_wizard\desktop\dnn-master\dnn-master\dnn\spath_spolygon\project1\romeo-juliet\project1\tangent.h(349): warning C4267: '=': 'size_t'에서 'int'(으)로 변환하면서 데이터가 손실될 수 있습니다.
c:\users\spock_the_wizard\desktop\dnn-master\dnn-master\dnn\spath_spolygon\project1\romeo-juliet\project1\tangent.h(384): warning C4267: '=': 'size_t'에서 'int'(으)로 변환하면서 데이터가 손실될 수 있습니다.
c:\users\spock_the_wizard\desktop\dnn-master\dnn-master\dnn\spath_spolygon\project1\romeo-juliet\project1\tangent.h(433): warning C4267: '=': 'size_t'에서 'int'(으)로 변환하면서 데이터가 손실될 수 있습니다.
c:\users\spock_the_wizard\desktop\dnn-master\dnn-master\dnn\spath_spolygon\project1\romeo-juliet\project1\tangent.h(454): warning C4267: '=': 'size_t'에서 'int'(으)로 변환하면서 데이터가 손실될 수 있습니다.
c:\users\spock_the_wizard\desktop\dnn-master\dnn-master\dnn\spath_spolygon\project1\romeo-juliet\project1\tangent.h(509): warning C4267: '=': 'size_t'에서 'int'(으)로 변환하면서 데이터가 손실될 수 있습니다.
c:\users\spock_the_wizard\desktop\dnn-master\dnn-master\dnn\spath_spolygon\project1\romeo-juliet\project1\tangent.h(545): warning C4267: '=': 'size_t'에서 'int'(으)로 변환하면서 데이터가 손실될 수 있습니다.
c:\users\spock_the_wizard\desktop\dnn-master\dnn-master\dnn\spath_spolygon\project1\romeo-juliet\project1\hourglass.h(158): warning C4267: '=': 'size_t'에서 'int'(으)로 변환하면서 데이터가 손실될 수 있습니다.
c:\users\spock_the_wizard\desktop\dnn-master\dnn-master\dnn\spath_spolygon\project1\romeo-juliet\project1\hourglass.h(167): warning C4267: '=': 'size_t'에서 'int'(으)로 변환하면서 데이터가 손실될 수 있습니다.
c:\users\spock_the_wizard\desktop\dnn-master\dnn-master\dnn\spath_spolygon\project1\romeo-juliet\project1\hourglass.h(190): warning C4267: '초기화 중': 'size_t'에서 'int'(으)로 변환하면서 데이터가 손실될 수 있습니다.
c:\users\spock_the_wizard\desktop\dnn-master\dnn-master\dnn\spath_spolygon\project1\romeo-juliet\project1\hourglass.h(199): warning C4267: '초기화 중': 'size_t'에서 'int'(으)로 변환하면서 데이터가 손실될 수 있습니다.
c:\users\spock_the_wizard\desktop\dnn-master\dnn-master\dnn\spath_spolygon\project1\romeo-juliet\project1\hourglass.h(423): warning C4267: '인수': 'size_t'에서 'int'(으)로 변환하면서 데이터가 손실될 수 있습니다.
c:\users\spock_the_wizard\desktop\dnn-master\dnn-master\dnn\spath_spolygon\project1\romeo-juliet\project1\main.cpp(224): warning C4267: '=': 'size_t'에서 'int'(으)로 변환하면서 데이터가 손실될 수 있습니다.
c:\users\spock_the_wizard\desktop\dnn-master\dnn-master\dnn\spath_spolygon\project1\romeo-juliet\project1\main.cpp(256): warning C4267: '인수': 'size_t'에서 'int'(으)로 변환하면서 데이터가 손실될 수 있습니다.
c:\users\spock_the_wizard\desktop\dnn-master\dnn-master\dnn\spath_spolygon\project1\romeo-juliet\project1\main.cpp(257): warning C4267: '인수': 'size_t'에서 'int'(으)로 변환하면서 데이터가 손실될 수 있습니다.
c:\users\spock_the_wizard\desktop\dnn-master\dnn-master\dnn\spath_spolygon\project1\romeo-juliet\project1\main.cpp(258): warning C4267: '인수': 'size_t'에서 'int'(으)로 변환하면서 데이터가 손실될 수 있습니다.
c:\users\spock_the_wizard\desktop\dnn-master\dnn-master\dnn\spath_spolygon\project1\romeo-juliet\project1\main.cpp(266): warning C4267: '인수': 'size_t'에서 'int'(으)로 변환하면서 데이터가 손실될 수 있습니다.
c:\users\spock_the_wizard\desktop\dnn-master\dnn-master\dnn\spath_spolygon\project1\romeo-juliet\project1\main.cpp(267): warning C4267: '인수': 'size_t'에서 'int'(으)로 변환하면서 데이터가 손실될 수 있습니다.
c:\program files (x86)\microsoft visual studio\2017\community\vc\tools\msvc\14.16.27023\include\numeric(1160): warning C4267: '=': 'size_t'에서 'int'(으)로 변환하면서 데이터가 손실될 수 있습니다.
  c:\users\spock_the_wizard\desktop\dnn-master\dnn-master\dnn\spath_spolygon\project1\romeo-juliet\project1\polygon_decomposition.h(321): note: 컴파일 중인 함수 템플릿 인스턴스화 'void std::iota<std::_Vector_iterator<std::_Vector_val<std::_Simple_types<_Ty>>>,unsigned __int64>(_FwdIt,_FwdIt,unsigned __int64)'에 대한 참조를 확인하십시오.
          with
          [
              _Ty=int,
              _FwdIt=std::_Vector_iterator<std::_Vector_val<std::_Simple_types<int>>>
          ]
  Project1.vcxproj -> C:\Users\Spock_the_Wizard\Desktop\DNN-master\DNN-master\dnn\spath_spolygon\Project1\Romeo-Juliet\x64\Debug\Project1.exe
